<?xml version="1.0" encoding="UTF-8"?>
<!-- Generated by org.testng.reporters.JUnitReportReporter -->
<testsuite skipped="0" hostname="ATMECSINLT-407" name="com.atmecs.pageactions.SignUpClass" tests="1" failures="0" timestamp="2020-10-08T14:42:32 IST" time="7.380" errors="0">
  <testcase name="SignUp" time="7.380" classname="com.atmecs.pageactions.SignUpClass"/>
</testsuite> <!-- com.atmecs.pageactions.SignUpClass -->
