<?xml version="1.0" encoding="UTF-8"?>
<!-- Generated by org.testng.reporters.JUnitReportReporter -->
<testsuite skipped="0" hostname="ATMECSINLT-407" name="com.atmecs.pageactions.LoginClass" tests="1" failures="0" timestamp="2020-10-08T14:42:32 IST" time="12.576" errors="0">
  <testcase name="login" time="12.576" classname="com.atmecs.pageactions.LoginClass"/>
</testsuite> <!-- com.atmecs.pageactions.LoginClass -->
