<?xml version="1.0" encoding="UTF-8"?>
<!-- Generated by org.testng.reporters.JUnitReportReporter -->
<testsuite skipped="0" hostname="ATMECSINLT-407" name="com.atmecs.pageactions.ContactClass" tests="1" failures="0" timestamp="2020-10-08T14:42:32 IST" time="10.159" errors="0">
  <testcase name="contact" time="10.159" classname="com.atmecs.pageactions.ContactClass"/>
</testsuite> <!-- com.atmecs.pageactions.ContactClass -->
