<?xml version="1.0" encoding="UTF-8"?>
<!-- Generated by org.testng.reporters.JUnitReportReporter -->
<testsuite skipped="1" hostname="ATMECSINLT-407" name="com.atmecs.pageactions.ContactClass" tests="1" failures="0" timestamp="2020-10-07T16:58:13 IST" time="0.000" errors="0">
  <testcase name="contact" time="0.000" classname="com.atmecs.pageactions.ContactClass">
    <skipped/>
  </testcase> <!-- contact -->
</testsuite> <!-- com.atmecs.pageactions.ContactClass -->
